                      :-) GROMACS - gmx mdrun, 2019.1 (-:

                            GROMACS is written by:
     Emile Apol      Rossen Apostolov      Paul Bauer     Herman J.C. Berendsen
    Par Bjelkmar      Christian Blau   Viacheslav Bolnykh     Kevin Boyd    
 Aldert van Buuren   Rudi van Drunen     Anton Feenstra       Alan Gray     
  Gerrit Groenhof     Anca Hamuraru    Vincent Hindriksen  M. Eric Irrgang  
  Aleksei Iupinov   Christoph Junghans     Joe Jordan     Dimitrios Karkoulis
    Peter Kasson        Jiri Kraus      Carsten Kutzner      Per Larsson    
  Justin A. Lemkul    Viveca Lindahl    Magnus Lundborg     Erik Marklund   
    Pascal Merz     Pieter Meulenhoff    Teemu Murtola       Szilard Pall   
    Sander Pronk      Roland Schulz      Michael Shirts    Alexey Shvetsov  
   Alfons Sijbers     Peter Tieleman      Jon Vincent      Teemu Virolainen 
 Christian Wennberg    Maarten Wolf   
                           and the project leaders:
        Mark Abraham, Berk Hess, Erik Lindahl, and David van der Spoel

Copyright (c) 1991-2000, University of Groningen, The Netherlands.
Copyright (c) 2001-2018, The GROMACS development team at
Uppsala University, Stockholm University and
the Royal Institute of Technology, Sweden.
check out http://www.gromacs.org for more information.

GROMACS is free software; you can redistribute it and/or modify it
under the terms of the GNU Lesser General Public License
as published by the Free Software Foundation; either version 2.1
of the License, or (at your option) any later version.

GROMACS:      gmx mdrun, version 2019.1
Executable:   /home/michele/Scaricati/gromacs-2019.1/build/bin/gmx_mpi
Data prefix:  /home/michele/Scaricati/gromacs-2019.1 (source tree)
Working dir:  /home/michele/BioSFlab_gmx_tutorial/02-1_CH4_in_H2O
Process ID:   5877
Command line:
  gmx_mpi mdrun -deffnm eql

GROMACS version:    2019.1
Precision:          single
Memory model:       64 bit
MPI library:        MPI
OpenMP support:     enabled (GMX_OPENMP_MAX_THREADS = 64)
GPU support:        CUDA
SIMD instructions:  AVX2_256
FFT library:        fftw-3.3.8-sse2-avx-avx2-avx2_128-avx512
RDTSCP usage:       enabled
TNG support:        enabled
Hwloc support:      hwloc-1.11.6
Tracing support:    disabled
C compiler:         /usr/bin/cc GNU 6.5.0
C compiler flags:    -mavx2 -mfma -pthread    -O3 -DNDEBUG -funroll-all-loops -fexcess-precision=fast  
C++ compiler:       /usr/bin/c++ GNU 6.5.0
C++ compiler flags:  -mavx2 -mfma -pthread   -std=c++11   -O3 -DNDEBUG -funroll-all-loops -fexcess-precision=fast  
CUDA compiler:      /usr/bin/nvcc nvcc: NVIDIA (R) Cuda compiler driver;Copyright (c) 2005-2017 NVIDIA Corporation;Built on Fri_Nov__3_21:07:56_CDT_2017;Cuda compilation tools, release 9.1, V9.1.85
CUDA compiler flags:-gencode;arch=compute_30,code=sm_30;-gencode;arch=compute_35,code=sm_35;-gencode;arch=compute_37,code=sm_37;-gencode;arch=compute_50,code=sm_50;-gencode;arch=compute_52,code=sm_52;-gencode;arch=compute_60,code=sm_60;-gencode;arch=compute_61,code=sm_61;-gencode;arch=compute_70,code=sm_70;-gencode;arch=compute_70,code=compute_70;-use_fast_math;-D_FORCE_INLINES;; ;-mavx2;-mfma;-pthread;-std=c++11;-O3;-DNDEBUG;-funroll-all-loops;-fexcess-precision=fast;
CUDA driver:        9.10
CUDA runtime:       9.10


Running on 1 node with total 4 cores, 8 logical cores, 1 compatible GPU
Hardware detected on host michele-GE60-2PE (the node of MPI rank 0):
  CPU info:
    Vendor: Intel
    Brand:  Intel(R) Core(TM) i7-4710HQ CPU @ 2.50GHz
    Family: 6   Model: 60   Stepping: 3
    Features: aes apic avx avx2 clfsh cmov cx8 cx16 f16c fma htt intel lahf mmx msr nonstop_tsc pcid pclmuldq pdcm pdpe1gb popcnt pse rdrnd rdtscp sse2 sse3 sse4.1 sse4.2 ssse3 tdt x2apic
  Hardware topology: Full, with devices
    Sockets, cores, and logical processors:
      Socket  0: [   0   4] [   1   5] [   2   6] [   3   7]
    Numa nodes:
      Node  0 (16734973952 bytes mem):   0   1   2   3   4   5   6   7
      Latency:
               0
         0  1.00
    Caches:
      L1: 32768 bytes, linesize 64 bytes, assoc. 8, shared 2 ways
      L2: 262144 bytes, linesize 64 bytes, assoc. 8, shared 2 ways
      L3: 6291456 bytes, linesize 64 bytes, assoc. 12, shared 8 ways
    PCI devices:
      0000:01:00.0  Id: 10de:1392  Class: 0x0302  Numa: 0
      0000:00:02.0  Id: 8086:0416  Class: 0x0300  Numa: 0
      0000:03:00.0  Id: 1969:e091  Class: 0x0200  Numa: 0
      0000:05:00.0  Id: 8086:08b3  Class: 0x0280  Numa: 0
      0000:00:1f.2  Id: 8086:8c03  Class: 0x0106  Numa: 0
  GPU info:
    Number of GPUs detected: 1
    #0: NVIDIA GeForce GTX 860M, compute cap.: 5.0, ECC:  no, stat: compatible


++++ PLEASE READ AND CITE THE FOLLOWING REFERENCE ++++
M. J. Abraham, T. Murtola, R. Schulz, S. Páll, J. C. Smith, B. Hess, E.
Lindahl
GROMACS: High performance molecular simulations through multi-level
parallelism from laptops to supercomputers
SoftwareX 1 (2015) pp. 19-25
-------- -------- --- Thank You --- -------- --------


++++ PLEASE READ AND CITE THE FOLLOWING REFERENCE ++++
S. Páll, M. J. Abraham, C. Kutzner, B. Hess, E. Lindahl
Tackling Exascale Software Challenges in Molecular Dynamics Simulations with
GROMACS
In S. Markidis & E. Laure (Eds.), Solving Software Challenges for Exascale 8759 (2015) pp. 3-27
-------- -------- --- Thank You --- -------- --------


++++ PLEASE READ AND CITE THE FOLLOWING REFERENCE ++++
S. Pronk, S. Páll, R. Schulz, P. Larsson, P. Bjelkmar, R. Apostolov, M. R.
Shirts, J. C. Smith, P. M. Kasson, D. van der Spoel, B. Hess, and E. Lindahl
GROMACS 4.5: a high-throughput and highly parallel open source molecular
simulation toolkit
Bioinformatics 29 (2013) pp. 845-54
-------- -------- --- Thank You --- -------- --------


++++ PLEASE READ AND CITE THE FOLLOWING REFERENCE ++++
B. Hess and C. Kutzner and D. van der Spoel and E. Lindahl
GROMACS 4: Algorithms for highly efficient, load-balanced, and scalable
molecular simulation
J. Chem. Theory Comput. 4 (2008) pp. 435-447
-------- -------- --- Thank You --- -------- --------


++++ PLEASE READ AND CITE THE FOLLOWING REFERENCE ++++
D. van der Spoel, E. Lindahl, B. Hess, G. Groenhof, A. E. Mark and H. J. C.
Berendsen
GROMACS: Fast, Flexible and Free
J. Comp. Chem. 26 (2005) pp. 1701-1719
-------- -------- --- Thank You --- -------- --------


++++ PLEASE READ AND CITE THE FOLLOWING REFERENCE ++++
E. Lindahl and B. Hess and D. van der Spoel
GROMACS 3.0: A package for molecular simulation and trajectory analysis
J. Mol. Mod. 7 (2001) pp. 306-317
-------- -------- --- Thank You --- -------- --------


++++ PLEASE READ AND CITE THE FOLLOWING REFERENCE ++++
H. J. C. Berendsen, D. van der Spoel and R. van Drunen
GROMACS: A message-passing parallel molecular dynamics implementation
Comp. Phys. Comm. 91 (1995) pp. 43-56
-------- -------- --- Thank You --- -------- --------


++++ PLEASE CITE THE DOI FOR THIS VERSION OF GROMACS ++++
https://doi.org/10.5281/zenodo.2564764
-------- -------- --- Thank You --- -------- --------

Input Parameters:
   integrator                     = md
   tinit                          = 0
   dt                             = 0.002
   nsteps                         = 50000
   init-step                      = 0
   simulation-part                = 1
   comm-mode                      = Linear
   nstcomm                        = 100
   bd-fric                        = 0
   ld-seed                        = 514153061
   emtol                          = 10
   emstep                         = 0.01
   niter                          = 20
   fcstep                         = 0
   nstcgsteep                     = 1000
   nbfgscorr                      = 10
   rtpi                           = 0.05
   nstxout                        = 0
   nstvout                        = 0
   nstfout                        = 0
   nstlog                         = 2000
   nstcalcenergy                  = 100
   nstenergy                      = 200
   nstxout-compressed             = 10000
   compressed-x-precision         = 1000
   cutoff-scheme                  = Verlet
   nstlist                        = 10
   ns-type                        = Grid
   pbc                            = xyz
   periodic-molecules             = false
   verlet-buffer-tolerance        = 0.005
   rlist                          = 1
   coulombtype                    = PME
   coulomb-modifier               = Potential-shift
   rcoulomb-switch                = 0
   rcoulomb                       = 1
   epsilon-r                      = 1
   epsilon-rf                     = inf
   vdw-type                       = Cut-off
   vdw-modifier                   = Potential-shift
   rvdw-switch                    = 0
   rvdw                           = 1
   DispCorr                       = EnerPres
   table-extension                = 1
   fourierspacing                 = 0.12
   fourier-nx                     = 20
   fourier-ny                     = 20
   fourier-nz                     = 20
   pme-order                      = 4
   ewald-rtol                     = 1e-05
   ewald-rtol-lj                  = 0.001
   lj-pme-comb-rule               = Geometric
   ewald-geometry                 = 0
   epsilon-surface                = 0
   tcoupl                         = Nose-Hoover
   nsttcouple                     = 10
   nh-chain-length                = 1
   print-nose-hoover-chain-variables = false
   pcoupl                         = No
   pcoupltype                     = Isotropic
   nstpcouple                     = -1
   tau-p                          = 1
   compressibility (3x3):
      compressibility[    0]={ 0.00000e+00,  0.00000e+00,  0.00000e+00}
      compressibility[    1]={ 0.00000e+00,  0.00000e+00,  0.00000e+00}
      compressibility[    2]={ 0.00000e+00,  0.00000e+00,  0.00000e+00}
   ref-p (3x3):
      ref-p[    0]={ 0.00000e+00,  0.00000e+00,  0.00000e+00}
      ref-p[    1]={ 0.00000e+00,  0.00000e+00,  0.00000e+00}
      ref-p[    2]={ 0.00000e+00,  0.00000e+00,  0.00000e+00}
   refcoord-scaling               = No
   posres-com (3):
      posres-com[0]= 0.00000e+00
      posres-com[1]= 0.00000e+00
      posres-com[2]= 0.00000e+00
   posres-comB (3):
      posres-comB[0]= 0.00000e+00
      posres-comB[1]= 0.00000e+00
      posres-comB[2]= 0.00000e+00
   QMMM                           = false
   QMconstraints                  = 0
   QMMMscheme                     = 0
   MMChargeScaleFactor            = 1
qm-opts:
   ngQM                           = 0
   constraint-algorithm           = Lincs
   continuation                   = false
   Shake-SOR                      = false
   shake-tol                      = 0.0001
   lincs-order                    = 4
   lincs-iter                     = 1
   lincs-warnangle                = 30
   nwall                          = 0
   wall-type                      = 9-3
   wall-r-linpot                  = -1
   wall-atomtype[0]               = -1
   wall-atomtype[1]               = -1
   wall-density[0]                = 0
   wall-density[1]                = 0
   wall-ewald-zfac                = 3
   pull                           = false
   awh                            = false
   rotation                       = false
   interactiveMD                  = false
   disre                          = No
   disre-weighting                = Conservative
   disre-mixed                    = false
   dr-fc                          = 1000
   dr-tau                         = 0
   nstdisreout                    = 100
   orire-fc                       = 0
   orire-tau                      = 0
   nstorireout                    = 100
   free-energy                    = no
   cos-acceleration               = 0
   deform (3x3):
      deform[    0]={ 0.00000e+00,  0.00000e+00,  0.00000e+00}
      deform[    1]={ 0.00000e+00,  0.00000e+00,  0.00000e+00}
      deform[    2]={ 0.00000e+00,  0.00000e+00,  0.00000e+00}
   simulated-tempering            = false
   swapcoords                     = no
   userint1                       = 0
   userint2                       = 0
   userint3                       = 0
   userint4                       = 0
   userreal1                      = 0
   userreal2                      = 0
   userreal3                      = 0
   userreal4                      = 0
   applied-forces:
     electric-field:
       x:
         E0                       = 0
         omega                    = 0
         t0                       = 0
         sigma                    = 0
       y:
         E0                       = 0
         omega                    = 0
         t0                       = 0
         sigma                    = 0
       z:
         E0                       = 0
         omega                    = 0
         t0                       = 0
         sigma                    = 0
grpopts:
   nrdf:        2354
   ref-t:      298.15
   tau-t:           2
annealing:          No
annealing-npoints:           0
   acc:	           0           0           0
   nfreeze:           N           N           N
   energygrp-flags[  0]: 0

Changing nstlist from 10 to 80, rlist from 1 to 1.144

Using 1 MPI process
Using 4 OpenMP threads 

1 GPU selected for this run.
Mapping of GPU IDs to the 2 GPU tasks in the 1 rank on this node:
  PP:0,PME:0
PP tasks will do (non-perturbed) short-ranged interactions on the GPU
PME tasks will do all aspects on the GPU
Pinning threads with an auto-selected logical core stride of 2
System total charge: 0.000
Will do PME sum in reciprocal space for electrostatic interactions.

++++ PLEASE READ AND CITE THE FOLLOWING REFERENCE ++++
U. Essmann, L. Perera, M. L. Berkowitz, T. Darden, H. Lee and L. G. Pedersen 
A smooth particle mesh Ewald method
J. Chem. Phys. 103 (1995) pp. 8577-8592
-------- -------- --- Thank You --- -------- --------

Using a Gaussian width (1/beta) of 0.320163 nm for Ewald
Potential shift: LJ r^-12: -1.000e+00 r^-6: -1.000e+00, Ewald -1.000e-05
Initialized non-bonded Ewald correction tables, spacing: 9.33e-04 size: 1073

Long Range LJ corr.: <C6> 1.7131e-04
Generated table with 1072 data points for Ewald.
Tabscale = 500 points/nm
Generated table with 1072 data points for LJ6.
Tabscale = 500 points/nm
Generated table with 1072 data points for LJ12.
Tabscale = 500 points/nm

Using GPU 8x8 nonbonded short-range kernels

Using a dual 8x4 pair-list setup updated with dynamic, rolling pruning:
  outer list: updated every 80 steps, buffer 0.144 nm, rlist 1.144 nm
  inner list: updated every 10 steps, buffer 0.005 nm, rlist 1.005 nm
At tolerance 0.005 kJ/mol/ps per atom, equivalent classical 1x1 list would be:
  outer list: updated every 80 steps, buffer 0.283 nm, rlist 1.283 nm
  inner list: updated every 10 steps, buffer 0.045 nm, rlist 1.045 nm

Using geometric Lennard-Jones combination rule

Removing pbc first time

Initializing LINear Constraint Solver

++++ PLEASE READ AND CITE THE FOLLOWING REFERENCE ++++
B. Hess and H. Bekker and H. J. C. Berendsen and J. G. E. M. Fraaije
LINCS: A Linear Constraint Solver for molecular simulations
J. Comp. Chem. 18 (1997) pp. 1463-1472
-------- -------- --- Thank You --- -------- --------

The number of constraints is 4

++++ PLEASE READ AND CITE THE FOLLOWING REFERENCE ++++
S. Miyamoto and P. A. Kollman
SETTLE: An Analytical Version of the SHAKE and RATTLE Algorithms for Rigid
Water Models
J. Comp. Chem. 13 (1992) pp. 952-962
-------- -------- --- Thank You --- -------- --------

Center of mass motion removal mode is Linear
We have the following groups for center of mass motion removal:
  0:  rest
There are: 1178 Atoms
There are: 391 VSites

Constraining the starting coordinates (step 0)

Constraining the coordinates at t0-dt (step 0)
RMS relative constraint deviation after constraining: 1.48e-06
Initial temperature: 298.506 K

Started mdrun on rank 0 Fri Mar 29 22:34:55 2019

           Step           Time
              0        0.00000

   Energies (kJ/mol)
          Angle        LJ (SR)  Disper. corr.   Coulomb (SR)   Coul. recip.
    7.12965e-01    4.02548e+03   -1.45052e+02   -2.52347e+04    5.13948e+01
      Potential    Kinetic En.   Total Energy  Conserved En.    Temperature
   -2.13022e+04    2.92127e+03   -1.83809e+04   -1.83809e+04    2.98511e+02
 Pres. DC (bar) Pressure (bar)   Constr. rmsd
   -1.98148e+02   -3.93364e+03    1.53272e-06

step  160: timed with pme grid 20 20 20, coulomb cutoff 1.000: 64.5 M-cycles
step  160: the box size limits the PME load balancing to a coulomb cut-off of 1.000
              optimal pme grid 20 20 20, coulomb cutoff 1.000
           Step           Time
           2000        4.00000

   Energies (kJ/mol)
          Angle        LJ (SR)  Disper. corr.   Coulomb (SR)   Coul. recip.
    4.43472e+00    3.17746e+03   -1.45052e+02   -2.10111e+04    9.60536e+01
      Potential    Kinetic En.   Total Energy  Conserved En.    Temperature
   -1.78782e+04    2.73023e+03   -1.51480e+04   -1.80203e+04    2.78990e+02
 Pres. DC (bar) Pressure (bar)   Constr. rmsd
   -1.98148e+02   -1.44966e+03    2.11513e-06

           Step           Time
           4000        8.00000

   Energies (kJ/mol)
          Angle        LJ (SR)  Disper. corr.   Coulomb (SR)   Coul. recip.
    6.30059e+00    3.17745e+03   -1.45052e+02   -2.03761e+04    9.31161e+01
      Potential    Kinetic En.   Total Energy  Conserved En.    Temperature
   -1.72443e+04    3.15593e+03   -1.40884e+04   -1.78699e+04    3.22490e+02
 Pres. DC (bar) Pressure (bar)   Constr. rmsd
   -1.98148e+02   -1.58405e+02    1.69376e-06

           Step           Time
           6000       12.00000

   Energies (kJ/mol)
          Angle        LJ (SR)  Disper. corr.   Coulomb (SR)   Coul. recip.
    5.34139e+00    3.33325e+03   -1.45052e+02   -2.16035e+04    9.86672e+01
      Potential    Kinetic En.   Total Energy  Conserved En.    Temperature
   -1.83113e+04    2.78362e+03   -1.55277e+04   -1.78476e+04    2.84445e+02
 Pres. DC (bar) Pressure (bar)   Constr. rmsd
   -1.98148e+02   -1.68562e+03    1.32813e-06

           Step           Time
           8000       16.00000

   Energies (kJ/mol)
          Angle        LJ (SR)  Disper. corr.   Coulomb (SR)   Coul. recip.
    4.64096e+00    3.73092e+03   -1.45052e+02   -2.21126e+04    7.85188e+01
      Potential    Kinetic En.   Total Energy  Conserved En.    Temperature
   -1.84436e+04    2.84233e+03   -1.56013e+04   -1.78574e+04    2.90445e+02
 Pres. DC (bar) Pressure (bar)   Constr. rmsd
   -1.98148e+02   -1.07041e+02    2.54718e-06

           Step           Time
          10000       20.00000

   Energies (kJ/mol)
          Angle        LJ (SR)  Disper. corr.   Coulomb (SR)   Coul. recip.
    2.90506e+00    3.83857e+03   -1.45052e+02   -2.17062e+04    1.00224e+02
      Potential    Kinetic En.   Total Energy  Conserved En.    Temperature
   -1.79096e+04    2.92604e+03   -1.49835e+04   -1.78496e+04    2.98999e+02
 Pres. DC (bar) Pressure (bar)   Constr. rmsd
   -1.98148e+02    1.34598e+03    3.15398e-07

           Step           Time
          12000       24.00000

   Energies (kJ/mol)
          Angle        LJ (SR)  Disper. corr.   Coulomb (SR)   Coul. recip.
    4.56859e+00    3.56903e+03   -1.45052e+02   -2.18631e+04    8.67535e+01
      Potential    Kinetic En.   Total Energy  Conserved En.    Temperature
   -1.83478e+04    2.79207e+03   -1.55558e+04   -1.78478e+04    2.85310e+02
 Pres. DC (bar) Pressure (bar)   Constr. rmsd
   -1.98148e+02   -6.94592e+02    1.26616e-06

           Step           Time
          14000       28.00000

   Energies (kJ/mol)
          Angle        LJ (SR)  Disper. corr.   Coulomb (SR)   Coul. recip.
    4.59855e+00    3.54980e+03   -1.45052e+02   -2.17010e+04    8.63397e+01
      Potential    Kinetic En.   Total Energy  Conserved En.    Temperature
   -1.82054e+04    2.83717e+03   -1.53682e+04   -1.78476e+04    2.89918e+02
 Pres. DC (bar) Pressure (bar)   Constr. rmsd
   -1.98148e+02   -5.20577e+02    1.98695e-06

           Step           Time
          16000       32.00000

   Energies (kJ/mol)
          Angle        LJ (SR)  Disper. corr.   Coulomb (SR)   Coul. recip.
    4.59216e+00    3.76949e+03   -1.45052e+02   -2.19972e+04    1.10382e+02
      Potential    Kinetic En.   Total Energy  Conserved En.    Temperature
   -1.82578e+04    2.99715e+03   -1.52607e+04   -1.78473e+04    3.06265e+02
 Pres. DC (bar) Pressure (bar)   Constr. rmsd
   -1.98148e+02    5.62099e+02    3.06617e-06

           Step           Time
          18000       36.00000

   Energies (kJ/mol)
          Angle        LJ (SR)  Disper. corr.   Coulomb (SR)   Coul. recip.
    1.33917e+00    3.72874e+03   -1.45052e+02   -2.17948e+04    1.05312e+02
      Potential    Kinetic En.   Total Energy  Conserved En.    Temperature
   -1.81045e+04    2.83247e+03   -1.52720e+04   -1.78416e+04    2.89438e+02
 Pres. DC (bar) Pressure (bar)   Constr. rmsd
   -1.98148e+02    7.04621e+02    4.49136e-06

           Step           Time
          20000       40.00000

   Energies (kJ/mol)
          Angle        LJ (SR)  Disper. corr.   Coulomb (SR)   Coul. recip.
    8.08303e+00    3.36065e+03   -1.45052e+02   -2.15727e+04    9.74662e+01
      Potential    Kinetic En.   Total Energy  Conserved En.    Temperature
   -1.82516e+04    2.87437e+03   -1.53772e+04   -1.78433e+04    2.93719e+02
 Pres. DC (bar) Pressure (bar)   Constr. rmsd
   -1.98148e+02   -1.32089e+03    1.58626e-06

           Step           Time
          22000       44.00000

   Energies (kJ/mol)
          Angle        LJ (SR)  Disper. corr.   Coulomb (SR)   Coul. recip.
    2.23521e+00    3.49915e+03   -1.45052e+02   -2.15591e+04    1.06822e+02
      Potential    Kinetic En.   Total Energy  Conserved En.    Temperature
   -1.80959e+04    3.03386e+03   -1.50620e+04   -1.78511e+04    3.10016e+02
 Pres. DC (bar) Pressure (bar)   Constr. rmsd
   -1.98148e+02   -3.06335e+02    2.78871e-06

           Step           Time
          24000       48.00000

   Energies (kJ/mol)
          Angle        LJ (SR)  Disper. corr.   Coulomb (SR)   Coul. recip.
    8.53850e+00    3.41045e+03   -1.45052e+02   -2.14309e+04    8.74884e+01
      Potential    Kinetic En.   Total Energy  Conserved En.    Temperature
   -1.80695e+04    3.02643e+03   -1.50431e+04   -1.78480e+04    3.09257e+02
 Pres. DC (bar) Pressure (bar)   Constr. rmsd
   -1.98148e+02   -4.89259e+02    1.98672e-06

           Step           Time
          26000       52.00000

   Energies (kJ/mol)
          Angle        LJ (SR)  Disper. corr.   Coulomb (SR)   Coul. recip.
    6.54076e+00    3.49003e+03   -1.45052e+02   -2.16419e+04    9.04628e+01
      Potential    Kinetic En.   Total Energy  Conserved En.    Temperature
   -1.81999e+04    2.91658e+03   -1.52833e+04   -1.78484e+04    2.98032e+02
 Pres. DC (bar) Pressure (bar)   Constr. rmsd
   -1.98148e+02   -4.81985e+02    3.63991e-06

           Step           Time
          28000       56.00000

   Energies (kJ/mol)
          Angle        LJ (SR)  Disper. corr.   Coulomb (SR)   Coul. recip.
    7.71793e+00    3.37343e+03   -1.45052e+02   -2.14624e+04    9.00915e+01
      Potential    Kinetic En.   Total Energy  Conserved En.    Temperature
   -1.81362e+04    3.08433e+03   -1.50519e+04   -1.78583e+04    3.15174e+02
 Pres. DC (bar) Pressure (bar)   Constr. rmsd
   -1.98148e+02   -8.54668e+02    2.76889e-06

           Step           Time
          30000       60.00000

   Energies (kJ/mol)
          Angle        LJ (SR)  Disper. corr.   Coulomb (SR)   Coul. recip.
    5.30886e+00    3.41939e+03   -1.45052e+02   -2.12495e+04    9.46304e+01
      Potential    Kinetic En.   Total Energy  Conserved En.    Temperature
   -1.78752e+04    3.19892e+03   -1.46763e+04   -1.78354e+04    3.26883e+02
 Pres. DC (bar) Pressure (bar)   Constr. rmsd
   -1.98148e+02   -1.68949e+02    8.00640e-06

           Step           Time
          32000       64.00000

   Energies (kJ/mol)
          Angle        LJ (SR)  Disper. corr.   Coulomb (SR)   Coul. recip.
    5.09095e+00    3.23587e+03   -1.45052e+02   -2.13515e+04    1.05376e+02
      Potential    Kinetic En.   Total Energy  Conserved En.    Temperature
   -1.81503e+04    2.88150e+03   -1.52688e+04   -1.78380e+04    2.94448e+02
 Pres. DC (bar) Pressure (bar)   Constr. rmsd
   -1.98148e+02   -1.44823e+03    3.94529e-06

           Step           Time
          34000       68.00000

   Energies (kJ/mol)
          Angle        LJ (SR)  Disper. corr.   Coulomb (SR)   Coul. recip.
    1.19473e+01    3.49047e+03   -1.45052e+02   -2.14729e+04    1.07380e+02
      Potential    Kinetic En.   Total Energy  Conserved En.    Temperature
   -1.80081e+04    2.93982e+03   -1.50683e+04   -1.78385e+04    3.00407e+02
 Pres. DC (bar) Pressure (bar)   Constr. rmsd
   -1.98148e+02   -1.44823e+02    2.76777e-06

           Step           Time
          36000       72.00000

   Energies (kJ/mol)
          Angle        LJ (SR)  Disper. corr.   Coulomb (SR)   Coul. recip.
    1.16205e+01    3.44746e+03   -1.45052e+02   -2.14121e+04    9.27736e+01
      Potential    Kinetic En.   Total Energy  Conserved En.    Temperature
   -1.80053e+04    2.99190e+03   -1.50134e+04   -1.78432e+04    3.05729e+02
 Pres. DC (bar) Pressure (bar)   Constr. rmsd
   -1.98148e+02   -4.57940e+02    1.89731e-06

           Step           Time
          38000       76.00000

   Energies (kJ/mol)
          Angle        LJ (SR)  Disper. corr.   Coulomb (SR)   Coul. recip.
    9.78571e+00    3.76881e+03   -1.45052e+02   -2.19399e+04    9.56933e+01
      Potential    Kinetic En.   Total Energy  Conserved En.    Temperature
   -1.82107e+04    2.96442e+03   -1.52463e+04   -1.78431e+04    3.02920e+02
 Pres. DC (bar) Pressure (bar)   Constr. rmsd
   -1.98148e+02    5.68325e+02    2.94953e-06

           Step           Time
          40000       80.00000

   Energies (kJ/mol)
          Angle        LJ (SR)  Disper. corr.   Coulomb (SR)   Coul. recip.
    1.46496e+00    3.46362e+03   -1.45052e+02   -2.16980e+04    1.09168e+02
      Potential    Kinetic En.   Total Energy  Conserved En.    Temperature
   -1.82688e+04    2.78912e+03   -1.54797e+04   -1.78402e+04    2.85007e+02
 Pres. DC (bar) Pressure (bar)   Constr. rmsd
   -1.98148e+02   -1.00319e+03    4.69781e-06

           Step           Time
          42000       84.00000

   Energies (kJ/mol)
          Angle        LJ (SR)  Disper. corr.   Coulomb (SR)   Coul. recip.
    1.25934e+01    3.37922e+03   -1.45052e+02   -2.12386e+04    1.06484e+02
      Potential    Kinetic En.   Total Energy  Conserved En.    Temperature
   -1.78853e+04    2.81693e+03   -1.50684e+04   -1.78408e+04    2.87849e+02
 Pres. DC (bar) Pressure (bar)   Constr. rmsd
   -1.98148e+02   -5.06826e+02    2.63915e-06

           Step           Time
          44000       88.00000

   Energies (kJ/mol)
          Angle        LJ (SR)  Disper. corr.   Coulomb (SR)   Coul. recip.
    1.19037e+01    3.42511e+03   -1.45052e+02   -2.15078e+04    8.62252e+01
      Potential    Kinetic En.   Total Energy  Conserved En.    Temperature
   -1.81296e+04    2.86538e+03   -1.52642e+04   -1.78398e+04    2.92800e+02
 Pres. DC (bar) Pressure (bar)   Constr. rmsd
   -1.98148e+02   -7.49571e+02    2.03115e-06

           Step           Time
          46000       92.00000

   Energies (kJ/mol)
          Angle        LJ (SR)  Disper. corr.   Coulomb (SR)   Coul. recip.
    9.87456e+00    3.43969e+03   -1.45052e+02   -2.14584e+04    9.06851e+01
      Potential    Kinetic En.   Total Energy  Conserved En.    Temperature
   -1.80632e+04    2.96704e+03   -1.50962e+04   -1.78470e+04    3.03188e+02
 Pres. DC (bar) Pressure (bar)   Constr. rmsd
   -1.98148e+02   -3.82854e+02    1.64858e-06

           Step           Time
          48000       96.00000

   Energies (kJ/mol)
          Angle        LJ (SR)  Disper. corr.   Coulomb (SR)   Coul. recip.
    1.59943e+01    3.64662e+03   -1.45052e+02   -2.17082e+04    1.13958e+02
      Potential    Kinetic En.   Total Energy  Conserved En.    Temperature
   -1.80767e+04    2.98120e+03   -1.50955e+04   -1.78400e+04    3.04636e+02
 Pres. DC (bar) Pressure (bar)   Constr. rmsd
   -1.98148e+02    2.63462e+02    7.82843e-07

           Step           Time
          50000      100.00000

Writing checkpoint, step 50000 at Fri Mar 29 22:35:10 2019


   Energies (kJ/mol)
          Angle        LJ (SR)  Disper. corr.   Coulomb (SR)   Coul. recip.
    8.41752e+00    3.51904e+03   -1.45052e+02   -2.18260e+04    9.14058e+01
      Potential    Kinetic En.   Total Energy  Conserved En.    Temperature
   -1.83522e+04    2.96036e+03   -1.53919e+04   -1.78443e+04    3.02506e+02
 Pres. DC (bar) Pressure (bar)   Constr. rmsd
   -1.98148e+02   -8.14199e+02    3.78536e-06

	<======  ###############  ==>
	<====  A V E R A G E S  ====>
	<==  ###############  ======>

	Statistics over 50001 steps using 501 frames

   Energies (kJ/mol)
          Angle        LJ (SR)  Disper. corr.   Coulomb (SR)   Coul. recip.
    7.07818e+00    3.45956e+03   -1.45052e+02   -2.15418e+04    9.42187e+01
      Potential    Kinetic En.   Total Energy  Conserved En.    Temperature
   -1.81260e+04    2.91947e+03   -1.52065e+04   -1.78607e+04    2.98328e+02
 Pres. DC (bar) Pressure (bar)   Constr. rmsd
   -1.98148e+02   -5.85832e+02    0.00000e+00

   Total Virial (kJ/mol)
    1.18960e+03   -2.75707e+01   -5.93452e+00
   -2.75698e+01    1.18882e+03   -1.24986e+01
   -5.93611e+00   -1.25231e+01    1.18492e+03

   Pressure (bar)
   -5.92019e+02    7.36913e+01    1.91822e+01
    7.36889e+01   -5.82701e+02    2.97498e+01
    1.91865e+01    2.98168e+01   -5.82775e+02


       P P   -   P M E   L O A D   B A L A N C I N G

 NOTE: The PP/PME load balancing was limited by the box size,
       you might not have reached a good load balance.

 PP/PME load balancing changed the cut-off and PME settings:
           particle-particle                    PME
            rcoulomb  rlist            grid      spacing   1/beta
   initial  1.000 nm  1.005 nm      20  20  20   0.115 nm  0.320 nm
   final    1.000 nm  1.005 nm      20  20  20   0.115 nm  0.320 nm
 cost-ratio           1.00             1.00
 (note that these numbers concern only part of the total PP and PME load)


	M E G A - F L O P S   A C C O U N T I N G

 NB=Group-cutoff nonbonded kernels    NxN=N-by-N cluster Verlet kernels
 RF=Reaction-Field  VdW=Van der Waals  QSTab=quadratic-spline table
 W3=SPC/TIP3p  W4=TIP4p (single or pairs)
 V&F=Potential and force  V=Potential only  F=Force only

 Computing:                               M-Number         M-Flops  % Flops
-----------------------------------------------------------------------------
 Pair Search distance check              80.795232         727.157     0.0
 NxN Ewald Elec. + LJ [F]             88986.168448     5873087.118    98.2
 NxN Ewald Elec. + LJ [V&F]             900.571456       96361.146     1.6
 Shift-X                                  0.982194           5.893     0.0
 Angles                                   0.300006          50.401     0.0
 Virial                                   0.808614          14.555     0.0
 Stop-CM                                  0.787638           7.876     0.0
 Calc-Ekin                               15.693138         423.715     0.0
 Lincs                                    0.200012          12.001     0.0
 Lincs-Mat                                3.600216          14.401     0.0
 Constraint-V                            59.052362         472.419     0.0
 Constraint-Vir                           0.589677          14.152     0.0
 Settle                                  19.551173        6315.029     0.1
 Virtual Site 3                          19.746282         730.612     0.0
-----------------------------------------------------------------------------
 Total                                                 5978236.475   100.0
-----------------------------------------------------------------------------


     R E A L   C Y C L E   A N D   T I M E   A C C O U N T I N G

On 1 MPI rank, each using 4 OpenMP threads

 Computing:          Num   Num      Call    Wall time         Giga-Cycles
                     Ranks Threads  Count      (s)         total sum    %
-----------------------------------------------------------------------------
 Vsite constr.          1    4      50001       0.232          2.315   1.6
 Neighbor search        1    4        626       0.184          1.837   1.2
 Launch GPU ops.        1    4     100002       6.053         60.394  40.8
 Force                  1    4      50001       0.277          2.766   1.9
 Wait PME GPU gather    1    4      50001       2.972         29.654  20.0
 Reduce GPU PME F       1    4      50001       0.099          0.984   0.7
 Wait GPU NB local      1    4      50001       3.396         33.887  22.9
 NB X/F buffer ops.     1    4      99376       0.258          2.576   1.7
 Vsite spread           1    4      50502       0.313          3.124   2.1
 Write traj.            1    4          6       0.149          1.486   1.0
 Update                 1    4      50001       0.198          1.976   1.3
 Constraints            1    4      50003       0.305          3.043   2.1
 Rest                                           0.405          4.037   2.7
-----------------------------------------------------------------------------
 Total                                         14.840        148.078 100.0
-----------------------------------------------------------------------------

               Core t (s)   Wall t (s)        (%)
       Time:       59.360       14.840      400.0
                 (ns/day)    (hour/ns)
Performance:      582.219        0.041
Finished mdrun on rank 0 Fri Mar 29 22:35:10 2019

